============================================================================================分隔符
开始执行....
程序运行开始time.perf_counter(): 0.2762385  程序运行开始时间: 2021-04-02 12:18:38.877322
----------------------------------------------------------------------------------------
============================================================================================
...pymysql...db_config...=>  47.103.91.193 root Lmtmysql@1 htiot_qinghaixn_report utf8mb4
============================================================================================
[{'key_name': 'database_version', 'key_value': '1.5.0', 'key_ext_data': '{}'}]
[{'key_name': 'database_version', 'key_value': '1.5.0', 'key_ext_data': '{}'}]
============================================================================================
...cx_Oracle...MyOracle...db_config_oracle...=>  {'provider': 'oracle', 'host': '192.168.0.7', 'port': 1521, 'sid': 'LMTPlat', 'dsn': '', 'user': 'SCOTT', 'password': 'Lmt123456'}
============================================================================================
[{'BI_ORG_ID': '0003', 'BRANCH_NO': '00030001', 'BRANCH_NAME': '默认营业部', 'BRANCH_ADDR': '漕宝路400号', 'CONTACT_MAN': '郭', 'CONTACT_PHONE': '13916005003', 'PASSWORD': '123123', 'BI_STATUS': '1'}, {'BI_ORG_ID': '0003', 'BRANCH_NO': '00030002', 'BRANCH_NAME': '奉贤营业部', 'BRANCH_ADDR': '光泰路2199号', 'CONTACT_MAN': '吴', 'CONTACT_PHONE': '13849874167', 'PASSWORD': '123456', 'BI_STATUS': '1'}, {'BI_ORG_ID': '0003', 'BRANCH_NO': '00030003', 'BRANCH_NAME': '漕宝路营业部', 'BRANCH_ADDR': '漕宝路400号', 'CONTACT_MAN': '郭', 'CONTACT_PHONE': '13946454121', 'PASSWORD': '123123', 'BI_STATUS': '1'}, {'BI_ORG_ID': '0003', 'BRANCH_NO': '00030004', 'BRANCH_NAME': '售后测试', 'BRANCH_ADDR': '光泰路2199号', 'CONTACT_MAN': '徐亚军', 'CONTACT_PHONE': '15221020897', 'PASSWORD': '123456', 'BI_STATUS': '1'}]
----------------------------------------------------------------------------------------
程序运行结束time.perf_counter(): 0.4852098  程序运行结束时间: 2021-04-02 12:18:39.086079
----------------------------------------------------------------------------------------
程序运行开始time.perf_counter(): 0.2762385  程序运行开始时间: 2021-04-02 12:18:38.877322
程序运行结束time.perf_counter(): 0.4852098  程序运行结束时间: 2021-04-02 12:18:39.086079
整个程序运行总时间time.perf_counter()差: 0.20897130000000003 秒
----------------------------------------------------------------------------------------
============================================================================================分隔符
