------开始爬虫了
ღ( ´･ᴗ･` )第1页❤：
抓狂网笑话 作者:ersdregfm 正文:【http://www.yicommunity.com/nr/9/140884l0.html】: 雨果脸色一僵，他哪能不明白自己找周铭是没道理的，只是他并不想承认罢了    尤其雨果想到了自己在周铭和胡安梅塞德劝解的时候还在嘚瑟，现在想想自己根本已经掉进圈套里了，却还像个小丑一样什么都不知道，还在开心的表演着，那种感觉更让他几欲抓狂
---------------------------------------------------------------------------------------------------
抓狂网笑话 作者:ersdregfm 正文:【http://www.yicommunity.com/nr/9/140883l0.html】: “我说拿破仑先生，我不知道该说你健忘还是什么了，你是不是还记得当初你要cds协议和债券的时候，不管我还是胡安梅塞德他们都是不同意，还劝你不要这么做的吧，是你自己非要的，并且我也没告诉你现在就要抛售这些债券冲击市场，是你自己一厢情愿吧？”    周铭说：“怎么现在出了问题就来找我了吗？我是你爹吗？”
---------------------------------------------------------------------------------------------------
抓狂网笑话 作者:ersdregfm 正文:【http://www.yicommunity.com/nr/9/140882l0.html】: 周铭笑着摇头表示：“亲爱的拿破仑先生，就你现在这个状态，我可不敢放你进来，万一你乱咬人怎么办，我可不想去打狂犬疫苗”    一句话一激，雨果就再也冷静不了了：“你才是狗你居然敢骂我是狗，你这个华夏杂碎，我不会放过你的，你居然敢设计我，给我找了一个这么大的阴谋，居然敢骗我的钱，我要杀了你啊！”
---------------------------------------------------------------------------------------------------
抓狂网笑话 作者:ersdregfm 正文:【http://www.yicommunity.com/nr/9/140881l0.html】: 雨果当时就惊了，因为周铭的确没这么说过，这都是他自己要做的结果    雨果冷静了下来，不过他仍然脸色阴沉：“不管怎么样，周铭你先让我进去再说，不要在门口”
---------------------------------------------------------------------------------------------------
抓狂网笑话 作者:ersdregfm 正文:【http://www.yicommunity.com/nr/9/140880l0.html】: “周铭你这个贱人，你还好意思问我为什么吗？你难道自己还不知道吗？我问你为什么泰国的市场会这样，你是不是早就知道了，故意给了我一个阴谋？”雨果几乎是歇斯底里的咆哮喊道    面对几近要疯了的雨果，周铭依然很淡定：“拿破仑先生，很抱歉我根本不明白你在说什么，难道说你今天已经抛售了那些债券和cds协议吗？哎呀你这也太心急了，我可没让你这么做啊！”
---------------------------------------------------------------------------------------------------
抓狂网笑话 作者:ersdregfm 正文:【http://www.yicommunity.com/nr/9/140879l0.html】: 里面周铭和李庆安接到消息过来了，看到在门口跳脚的雨果，也明白什么情况了    “尊敬的拿破仑先生，不知道什么风把你吹到这里来了？”周铭故意问道
---------------------------------------------------------------------------------------------------
抓狂网笑话 作者:ersdregfm 正文:【http://www.yicommunity.com/nr/9/140878l0.html】: 很快管家准备好了，雨果乘车来到了李家豪宅，不过门口安保却并不让他进去    这气的雨果吹胡子瞪眼，他指着门口的保安咆哮道：“你们这些没有眼睛的奴隶们，好好看看我是谁，马上叫里面的周铭和李庆安给我出来，否则我拆了你们这里！”
---------------------------------------------------------------------------------------------------
抓狂网笑话 作者:ersdregfm 正文:【http://www.yicommunity.com/nr/9/140877l0.html】: 雨果突然意识到了什么，然后狂吼起来，宛若一条疯狗：“是周铭那个混蛋，是他联合胡安梅塞德一起欺骗了我，他们这些杂碎，我不会放过他们的，马上给我准备车子，我要去找他们麻烦！”    他的管家第一时间愣住了，似乎不明白自家主人怎么突然发这个疯，但随后在雨果狠狠一巴掌扇过来以后他才反应过来，管他什么原因，先准备好他要的才是关键
---------------------------------------------------------------------------------------------------
抓狂网笑话 作者:ersdregfm 正文:【http://www.yicommunity.com/nr/9/140876l0.html】: 这是什么情况？剧本不应该是市场崩溃然后我出来收拾局面吗？怎么会变成现在这个样子，是哪里搞错了吗？    为此雨果又问了管家一遍，管家那边给出的还是原来的答案
---------------------------------------------------------------------------------------------------
抓狂网笑话 作者:ersdregfm 正文:【http://www.yicommunity.com/nr/9/140875l0.html】: 那管家忙不迭的点头说道：“是啊我的主人，虽然刚开始的时候我们的抛售取得了一定的效果，但是后来市场上似乎有其他势力在和我们对冲，我们拼不过他们，所以市场的价格就又慢慢回升上去了，现在已经完全恢复啦！”    雨果当时就懵逼了，感觉脑子一片空白
---------------------------------------------------------------------------------------------------
抓狂网笑话 作者:ersdregfm 正文:【http://www.yicommunity.com/nr/9/140874l0.html】: 雨果哈哈大笑道：“你看看我说了什么来着？泰国的金融市场就是不堪一击的，可笑那个周铭还试探来试探去的不敢动手，还有胡安和梅塞德也是两个胆小鬼，还那么相信那个华夏人，真是愚蠢……”    雨果说到这里突然顿了顿，他似乎想起了什么又问道：“刚才你说了什么？市场已经恢复了？”
---------------------------------------------------------------------------------------------------
抓狂网笑话 作者:ersdregfm 正文:【http://www.yicommunity.com/nr/9/140873l0.html】: 不一会，他的管家就从远处急急忙忙跑过来了，雨果见状摆手让他不要那么着急：“我说你也应该学会淡定一点，不要那么毛毛糙糙的，这样有损我拿破仑家族的威名，不就是成功吗？我们要习惯，现在让我猜一猜，你带来的肯定是关于债券市场的消息对吗？”    管家跑过来到他面前，稍稍平复了一下心情才点头说：“是的我的主人，我按照您的吩咐去抛售了那些债券，之前的确造成了对市场的一些冲击，不过现在却已经恢复了……”
---------------------------------------------------------------------------------------------------
抓狂网笑话 作者:ersdregfm 正文:【http://www.yicommunity.com/nr/9/140872l0.html】: 想想就算让华尔街那些专业的金融操盘手来操作，恐怕最多也就只能做成这样了    也就是因为这对雨果来说不过就是信手拈来的简单操作，所以他信心十足
---------------------------------------------------------------------------------------------------
抓狂网笑话 作者:ersdregfm 正文:【http://www.yicommunity.com/nr/9/140871l0.html】: 并且通过债券冲击银行业务，杀掉银行放血，只是资本家在制造金融危机时最常用的谋利手段，但这却绝不是唯一的，事实其他买卖商业保险、股市期货以及对破产企业工厂的收购，还有最常见的房地产投资等等，这些都是雨果准备好的手段    不得不说，雨果不愧是世界豪门家族出来的，随便想想就有茫茫多的金融手段，饶是周铭看到了也只能叹为观止，这些不愧是上百年传承的资本家族，自己就算有重生的优势，比别人多活了一辈子，但面对他们的多线操作，也不能不给个服字
---------------------------------------------------------------------------------------------------
抓狂网笑话 作者:ersdregfm 正文:【http://www.yicommunity.com/nr/9/140870l0.html】: 不过但凡一个头脑清醒一点的资本家这个时候都不会轻易卖的，毕竟就连普通人都明白银行对于一个国家金融稳定的重要性，尤其泰古银行还是泰国规模实力最强的银行之一，可以说掌握了泰古银行就等于握住了泰国经济的咽喉，意义不言而喻    到了那个时候，雨果就能影响泰国的经济形势，到时候利用这个主动权再来为自己谋利，那就相对简单许多了
---------------------------------------------------------------------------------------------------
ღ( ´･ᴗ･` )第2页❤：
抓狂网笑话 作者:ersdregfm 正文:【http://www.yicommunity.com/nr/9/140869l0.html】: 那么当金融危机爆发，大量资产被错误估算价值，比如现在资产总量两百亿美元的泰古银行，到了金融危机的时候可能价值就会不到两亿美元；那么雨果这个时候出手买下泰古银行，等危机过去，那么他就等于拥有了一间价值两百亿美元的银行，手上还多出了198亿，这些多出来的钱就是赚的    或者等危机过去，银行的估价涨上来了，你给他卖掉，也等于两亿美元投资的增值
---------------------------------------------------------------------------------------------------
抓狂网笑话 作者:ersdregfm 正文:【http://www.yicommunity.com/nr/9/140868l0.html】: 或许对于普通人来说，金融危机就是经济大萧条，无数人失业企业工厂倒闭破产，经济倒退的可怕时间，但对于雨果这样手握庞大资金的大财团豪门来说，那却是发财的好机会    因为在金融的概念里，财富不会平白无故消失，只会发生转移
---------------------------------------------------------------------------------------------------
抓狂网笑话 作者:ersdregfm 正文:【http://www.yicommunity.com/nr/9/140867l0.html】: 在他的计划里，一旦他开始抛售了债券，以现在的泰国金融形势，很容易引发债券市场的雪崩，继而同时带动cds协议市场的崩溃要知道不管是债券市场还是cds协议，里面流动的相当一部分是银行的钱，一旦这两块市场出了问题，投资者破产还不上贷款，就会直接把不值钱的债券和cds协议都丢给银行成为坏账    银行没有办法一下子消化这么多不良资产，又损失这么多资金，很容易引发市场对银行的不信任，到时候随便再拨弄一下，就很容易造成挤兑恐慌，最终引发整个泰国的金融危机
---------------------------------------------------------------------------------------------------
抓狂网笑话 作者:ersdregfm 正文:【http://www.yicommunity.com/nr/9/140866l0.html】: 雨果躺在自己的躺椅上，嘴里哼着嚣张牛皮的小调，他是真的很开心，因为现在市场上抛售债券的事情就是他做出来的，而且是他从周铭那里拿到cds协议和债券以后就马上行动了的    “那个愚蠢的华夏人，恐怕他一辈子也想不到，其实我在从他那里拿到cds协议和债券以前我就已经布置好了吧，现在我这么快动手，以后泰国的形势就要由我说了算了！”雨果信心十足的说
---------------------------------------------------------------------------------------------------
抓狂网笑话 作者:ersdregfm 正文:【http://www.yicommunity.com/nr/9/140865l0.html】: 而与周铭这边并不一样的，拿破仑庄园里雨果却十分开心    “哈哈哈哈！斗不过我吧没有办法我就是这么强大，哈哈哈哈！皮不过我吧，啦啦啦啦！”
---------------------------------------------------------------------------------------------------
抓狂网笑话 作者:ersdregfm 正文:【http://www.yicommunity.com/nr/9/140864l0.html】: 听周铭这么说以后，李庆安才依依不舍的走了，其实他现在已经很按捺不住想要回去找场子了的，但周铭的话他不能不听，之前他已经太多次见证了不听周铭话的后果，因此现在他不管心里多么发疯一样想找场子回去，最终也只能什么都先忍着    ……
---------------------------------------------------------------------------------------------------
抓狂网笑话 作者:ersdregfm 正文:【http://www.yicommunity.com/nr/9/140863l0.html】: “难道你觉得他们不会成功，还是这只是虚晃一枪？”李庆安小心翼翼的询问    周铭摇头告诉他：“其实这些都不是，只是有些事情会遭遇一些坎坷的，况且泰国政府这边也不会坐视不理，反正就先等等看吧，总有机会的”
---------------------------------------------------------------------------------------------------
抓狂网笑话 作者:ersdregfm 正文:【http://www.yicommunity.com/nr/9/140862l0.html】: “你先不要着急，现在事情还并没有那么简单”周铭劝他，“现在是有人在抛售了债券，但你觉得泰国的市场会那么简单就被撬开了吗？”    李庆安有点懵，这不是你的安排吗？不是你上午去找一些世界豪门合作，让他们帮忙去做这些事的吗？怎么现在他们已经开始动手了，你反而说不着急呢？
---------------------------------------------------------------------------------------------------
抓狂网笑话 作者:ersdregfm 正文:【http://www.yicommunity.com/nr/9/140861l0.html】: “先生我知道有人现在正在市场上抛售泰国债券，这是不是就是您说过的机会？您果然是世界级的商界大亨，什么事情都了若指掌，没想到那些世界豪门居然都能这么不遗余力的配合你，上午您才去找的他们，现在就有了结果，那我是不是也可以再去王室那边了？”李庆安激动到有些语无伦次的说    对于李庆安的亢奋，周铭也有点无奈，看来他之前那么兴冲冲想去泰国王面前装个b结果被哄出来，已经让他有点魔怔了，逮到机会就想把场子给找回来
---------------------------------------------------------------------------------------------------
抓狂网笑话 作者:ersdregfm 正文:【http://www.yicommunity.com/nr/9/140860l0.html】: 但就在这个时候，马拉九世的助理急急忙忙从庄园里跑出去大喊道：“陛下不好了，咱们的债券市场出问题啦，有人在恶意抛售！”    顿时，国王马拉九世和他的管家还有安保队长都愣在了当场，场面又尴尬了    有人在市场恶意抛售债券的消息也很快传到了周铭这里，李庆安十分兴奋的跑来告诉周铭
---------------------------------------------------------------------------------------------------
抓狂网笑话 作者:ersdregfm 正文:【http://www.yicommunity.com/nr/9/140859l0.html】: “我甚至可以很直接的和你们打赌！”马拉九世最后指着安保队长说，“我就说未来一个月内他说的cds协议和债券都不会出现任何问题，如果我说对了没出问题，我会把你沉进湄南河里，但要是你说对了出了问题，我让你随便处置，把我手脚砍了吊死在最高的那棵树上都行！”    马拉九世大声和安保队长打着赌，管家尽心竭力的在求饶，表示他们怎么会和陛下打赌，陛下说没事就肯定不会有事的
---------------------------------------------------------------------------------------------------
抓狂网笑话 作者:ersdregfm 正文:【http://www.yicommunity.com/nr/9/140858l0.html】: “来，让我给你们解释一下现在泰国是个什么情况吧，正是我们经济发展的黄金十年，我们接受了来自全世界的投资，gdp增速每年都超过了十三个百分点，在国库里有着四百亿美元的外汇储备，就算是我们的银行，也都储备着几百亿美元”    马拉九世说到这里顿了一下才接着说道：“你们明白这意味着什么吗？这说明我们的金融实力非常强大，是不可能出现任何问题的，什么cds协议就是在给我们送钱，什么债券，那根本就是个笑话！”
---------------------------------------------------------------------------------------------------
抓狂网笑话 作者:ersdregfm 正文:【http://www.yicommunity.com/nr/9/140857l0.html】: “陛下我们绝对没有这样的想法……”    管家想解释什么，不过马拉九世更直接的咆哮道：“可你们就是这么做的！”
---------------------------------------------------------------------------------------------------
抓狂网笑话 作者:ersdregfm 正文:【http://www.yicommunity.com/nr/9/140856l0.html】: 马拉九世这一次出奇的没有打断他，而是满脸戏谑的看着他，但就是这样的冷静的表现，反而让管家感到背后阴风阵阵    “所以你们觉得你们这么做是对的吗？”马拉九世看着安保队长问他
---------------------------------------------------------------------------------------------------
抓狂网笑话 作者:ersdregfm 正文:【http://www.yicommunity.com/nr/9/140855l0.html】: 这次安保队长说：“陛下很抱歉，我知道我们犯下了很严重和不可饶恕的罪行，但是那个李庆安，他说cds协议市场还有债券期货市场马上就会出现大问题，他是来给我们通风报信的……”    他就这么大声说着，管家一个劲的给他使眼色他都没看到，最后管家捂脸表示怎么会有这样一个猪队友！
---------------------------------------------------------------------------------------------------
ღ( ´･ᴗ･` )第3页❤：
抓狂网笑话 作者:ersdregfm 正文:【http://www.yicommunity.com/nr/9/140854l0.html】: 马拉九世狠狠骂了一番过后，他稍微休息了一会，随后问道：“那个李庆安回去以后有没有什么其他动静？”    管家摇头表示并没有，这让马拉九世顿时又爆发了：“你看看我刚才说了什么，我就说这个李庆安根本就是来捣乱的，可恨你们这两个家伙就这样放任他在我的庄园里乱来，我简直就想把你们沉进湄南河里去喂鱼！”
---------------------------------------------------------------------------------------------------
抓狂网笑话 作者:ersdregfm 正文:【http://www.yicommunity.com/nr/9/140853l0.html】: “你也好好想想，我们是泰国王室，整个曼谷甚至是泰国的各大企业都有我们的控股，我们手握整个泰国数量最大的资本，怎么可能会需要他这个待在唐人街不敢出来的垃圾来告诉我们什么事情？”    马拉九世继续怒骂道：“很显然他这么做就是要为了进来的，可你们这些蠢货居然真的让他做到了，我简直没办法相信自己究竟请了什么人在这里，我甚至觉得就算是牙齿都掉光的老女人都比你们强！”
---------------------------------------------------------------------------------------------------
抓狂网笑话 作者:ersdregfm 正文:【http://www.yicommunity.com/nr/9/140852l0.html】: 好一会以后，他的管家才懦懦开口：“很抱歉陛下，我也没有想到那个家伙居然那么狡猾，是他说有关系到王室命运的事情，所以我……”    不等话说完，马拉九世突然瞪大了眼睛：“他说是就是，你这个猪脑子不会思考吗？”
---------------------------------------------------------------------------------------------------
抓狂网笑话 作者:ersdregfm 正文:【http://www.yicommunity.com/nr/9/140851l0.html】: “谁能告诉我究竟发生了什么事？为什么连李庆安这么一个小小的臭虫也可以跑到我的庄园里来打扰我的午睡？”马拉九世冷冰冰的问    他的管家还有庄园的安保队长都低着头在他面前，都不敢说话
---------------------------------------------------------------------------------------------------
抓狂网笑话 作者:ersdregfm 正文:【http://www.yicommunity.com/nr/9/140850l0.html】: ……    与此同时在另一边的泰国王室庄园里，国王马拉九世在自己空旷的院子里走来走去，可以看得出来他现在的心情十分糟糕
---------------------------------------------------------------------------------------------------
抓狂网笑话 作者:ersdregfm 正文:【http://www.yicommunity.com/nr/9/140849l0.html】: 周铭上前安慰他说：“放心吧，虽然我不知道你和泰国王室究竟有啥过节，但我既然答应给你这个在他们面前装b的机会，我就一定会给你的，耐心等着吧！”    李庆安重重的点了头表示相信周铭
---------------------------------------------------------------------------------------------------
抓狂网笑话 作者:ersdregfm 正文:【http://www.yicommunity.com/nr/9/140848l0.html】: 周铭绞尽脑汁想了好半天才想出一个合理的形容：“只能说你这是给自己交学费了”    原本李庆安是回来想找周铭求解释求安慰的，怎么现在听了周铭的话以后，他反而觉得自己更抑郁了呢？
---------------------------------------------------------------------------------------------------
抓狂网笑话 作者:ersdregfm 正文:【http://www.yicommunity.com/nr/9/140847l0.html】: 对于他这样的情况，苏涵在一旁笑出了声，周铭则无奈的搔搔头说：“我也没办法啊，我刚才是想拦住你告诉你别那么冲动，现在什么事情都还没发生，你这么过去很容易被当成神经病的，有些b可以装但是要巧妙的装，千万不能装的太过分啊！”    “至于你现在的情况……”
---------------------------------------------------------------------------------------------------
抓狂网笑话 作者:ersdregfm 正文:【http://www.yicommunity.com/nr/9/140846l0.html】: “先生！”    见到周铭，李庆安立即哭喊着跑了过来：“先生您不是说我可以去那边装b，不是说他们现在也会担心吗？怎么会这样啊？我才过去说两句话，那泰国王马拉九世就让人把我给扔出来啦！”
---------------------------------------------------------------------------------------------------
抓狂网笑话 作者:ersdregfm 正文:【http://www.yicommunity.com/nr/9/140845l0.html】: “好了没关系的，李庆安在王室那边碰了壁很快就会回来的，安娜你还是先做好你的事情吧，我在这里等他回来”    周铭就这么打发安娜离开了，周铭自己果然就等在这里等着，约摸一个小时以后，李庆安果然回来，只是他回来的样子并不那么好，虽然并没有看出明显的受伤，但身上破破烂烂又满是灰尘的脏兮兮，一看就是一言不合被人强行从房子里给扔出来了
---------------------------------------------------------------------------------------------------
抓狂网笑话 作者:ersdregfm 正文:【http://www.yicommunity.com/nr/9/140844l0.html】: “我就说嘛！周铭先生就是周铭先生，凯特琳殿下认定的丈夫，说担心就会担心……”    安娜下意识说着，她说着说着就感觉不对了，嗯？这好像不是自己想说的，周铭先生他不应该是很有信心的表示不担心吗？尽管担心才是最正常的表现
---------------------------------------------------------------------------------------------------
抓狂网笑话 作者:ersdregfm 正文:【http://www.yicommunity.com/nr/9/140843l0.html】: “先生，您就这么让李庆安去王室那边了吗？不担心他会出什么问题吗？”安娜看着李庆安离开的背影好奇的问    “我怎么可能会不担心啊！”周铭叹息着回答，“李庆安这家伙也太心急了一点，现在还什么事情都没发生，你要想王室那边信任你也得有手段啊，真是！要装b不做好准备工作的吗？”
---------------------------------------------------------------------------------------------------
抓狂网笑话 作者:ersdregfm 正文:【http://www.yicommunity.com/nr/9/140842l0.html】: 这边周铭的话音才落，李庆安就立即跳起来了：“先生您放心，我马上就联系王室那边，保证会帮您把这个b给装到位的！”    李庆安说着话就跑了，周铭想拦都来不及
---------------------------------------------------------------------------------------------------
抓狂网笑话 作者:ersdregfm 正文:【http://www.yicommunity.com/nr/9/140841l0.html】: 随着周铭的话，李庆安的眼睛一下亮的发光了：“先生您说的是真的吗，您同意啦？”    “我为什么会不同意，就算你不说我也在考虑这个问题的”周铭说
---------------------------------------------------------------------------------------------------
抓狂网笑话 作者:ersdregfm 正文:【http://www.yicommunity.com/nr/9/140840l0.html】: 周铭笑了：“不得不说，你这个b装的就很有灵性了，不对应该是你这个提醒就很有灵性了”    周铭随后点头说：“我很支持你这个提议，毕竟未来的情况会比较复杂，我们很有必要把泰国王室这些本地资本集团拉到我们这边来，所以事先给他们提个醒，先刷刷存在感和好感度也是很不错的”
---------------------------------------------------------------------------------------------------
ღ( ´･ᴗ･` )第4页❤：
抓狂网笑话 作者:ersdregfm 正文:【http://www.yicommunity.com/nr/9/140839l0.html】: “我刚才已经说的很清楚了，这还能有什么变故？”周铭表情奇怪的反问    李庆安慌忙摇头：“先生我并没有任何不相信您的意思，只是我有个小小的请求，我能不能去泰国王室那里装个b……啊不是，我的意思是说现在的情况既然已经这样了，那么泰国未来的经济形势会比较糟糕，我们要不要先给泰国王室那边提个醒呢？”
---------------------------------------------------------------------------------------------------
抓狂网笑话 作者:ersdregfm 正文:【http://www.yicommunity.com/nr/9/140838l0.html】: 周铭说着却看到李庆安有点扭捏的似乎有什么话要说，于是问他怎么了    李庆安不知道该怎么说，就先问周铭：“先生，是不是现在泰国的情况已经确定，马上事情就要发生了呢？不会再有其他变故了吧？”
---------------------------------------------------------------------------------------------------
抓狂网笑话 作者:ersdregfm 正文:【http://www.yicommunity.com/nr/9/140837l0.html】: 周铭摊开双手表示：“这全靠拿破仑先生衬托，要么怎么说他们是豪门呢？”    随后周铭又摆了摆手说：“好了，既然那边的情况已经确定了，我们这边也要开始着手准备了……”
---------------------------------------------------------------------------------------------------
抓狂网笑话 作者:ersdregfm 正文:【http://www.yicommunity.com/nr/9/140836l0.html】: 李庆安和安娜两个人当时就惊呆了，他们怎么也不敢相信这个结果    “我去！周铭先生您是上帝吗？我最多以为您能说服他们帮您就已经很了不起了，您是怎么做到这样的啊？那些世界豪门他们难道不知道这意味着什么吗？”李庆安惊叫起来，之前他和安娜本以为他们想的已经很乐观了，现在看周铭回来他们才明白，事实比他们最乐观的想法还要乐观一百倍
---------------------------------------------------------------------------------------------------
抓狂网笑话 作者:ersdregfm 正文:【http://www.yicommunity.com/nr/9/140835l0.html】: “先生您去见了那些世界豪门的人，有什么结果吗？”李庆安语气很轻的询问，显然在压抑着满心激动的心情，有点希望却又不敢相信的    相比李庆安的矛盾，周铭的答案就很简单了：“结果还不错，我们那些cds协议和债券都卖掉了，而且也有人答应帮我们去抛售试水”
---------------------------------------------------------------------------------------------------
抓狂网笑话 作者:ersdregfm 正文:【http://www.yicommunity.com/nr/9/140834l0.html】: 至于时候雨果要耍赖周铭也还有其他手段等着收拾他，让他明白自己的血汗利益不能乱动    回到李家豪宅，周铭就见李庆安和安娜两个人都等在院子里，见到周铭回来，他们都立即站起来了，脸上的表情十分激动
---------------------------------------------------------------------------------------------------
抓狂网笑话 作者:ersdregfm 正文:【http://www.yicommunity.com/nr/9/140833l0.html】: 雨果当即拍了板：“那就这么干！”    这个时候的雨果自信满满，只是他并不知道自己的这番自信不过就是个笑话    结束了在拿破仑庄园的表演，周铭带着苏涵就回去李家豪宅了，周铭并不担心和雨果的交易，尽管只有定金，但正如期货市场的定金交易一样，收了这个定金就足够了，毕竟他的目的是操纵市场，并不仅仅只看着这点卖cds协议和债券的小钱
---------------------------------------------------------------------------------------------------
抓狂网笑话 作者:ersdregfm 正文:【http://www.yicommunity.com/nr/9/140832l0.html】: 管家又说了一番恭维的话，雨果不耐烦的摆摆手说：“好了不说这个了，你看这些东西怎么样？我们是不是可以马上动手了？”    管家点头表示：“这些cds协议和债券都没问题，要想他们发挥最大的作用，就得还是我们之前讨论的，先从债券这边下手，抛售债券让引爆cds协议”
---------------------------------------------------------------------------------------------------
抓狂网笑话 作者:ersdregfm 正文:【http://www.yicommunity.com/nr/9/140831l0.html】: 管家在他的身后，正在研究那些cds协议还有债券，他听着这些告诉雨果：“我认为这并非全是那位华人先生的愚蠢，更重要的也是先生您的表演出众不是吗？我想要是换成其他人是不可能吓住他的，您看胡安公爵和梅塞德王子殿下，他们似乎就没办法这么做”    “那是当然的”雨果十分傲慢道，“也不看看我是在巴黎剧院系统学习过表演的，我可是一个真正的演技派，他们在我面前不过就是跳梁小丑罢了”
---------------------------------------------------------------------------------------------------
抓狂网笑话 作者:ersdregfm 正文:【http://www.yicommunity.com/nr/9/140830l0.html】: 雨果说着脸上的表情更不屑了：“看来这些华人果然都是没有脑子的啊！之前我都还以为那只是有些人编造出来的污蔑之言，现在看来还真是这样，他们尽管勤劳的像工蜂一样，但始终却缺乏了最重要的东西”    雨果指向了自己的脑袋：“就是头脑！”
---------------------------------------------------------------------------------------------------
抓狂网笑话 作者:ersdregfm 正文:【http://www.yicommunity.com/nr/9/140829l0.html】: “但是……谁知道就是那么一点点的坚持他都没有，他居然就这样放弃了？放弃的把这些cds协议和债券都给我了”    “哦不仅是这样，甚至我还是以定金交易的方式，等于我只付出了少许的那么两亿泰铢，就拿到了这些梦寐以求的东西，这真是圣光普照啊！”
---------------------------------------------------------------------------------------------------
抓狂网笑话 作者:ersdregfm 正文:【http://www.yicommunity.com/nr/9/140828l0.html】: 事实也的确是这样，那边雨果回到了自己的房间立即忍不住的放声大笑起来    “蠢货，这个华夏人果然是个十足的蠢货！他永远也不会知道，刚才那样我只是在故意表现一下的，并没有真的想拿走他的cds协议和债券，毕竟我并不想和胡安还有梅塞德闹僵，其实只要他再坚持一下，就那么一点点，我就会告诉他我放弃了的”
---------------------------------------------------------------------------------------------------
抓狂网笑话 作者:ersdregfm 正文:【http://www.yicommunity.com/nr/9/140827l0.html】: 由此胡安和梅塞德再次坚定了无论如何都不能找周铭麻烦的信念，否则真是死都不知道怎么死的    就像现在的拿破仑先生一样，他都被人卖了个底朝天，恐怕自己还在喜滋滋呢！
---------------------------------------------------------------------------------------------------
抓狂网笑话 作者:ersdregfm 正文:【http://www.yicommunity.com/nr/9/140826l0.html】: 面对梅塞德这眼神，周铭很委屈：“你这么看着我干什么，这和我又没什么关系，我是个老实人，本来我是想好好跟你们合作的，谁让他这么想占我便宜来着”    周铭这话让胡安和梅塞德很无语，我靠你挖了这么大一个坑让人跳你还好意思自己标榜是个老实人吗？哪个老实人有你这么干的？但细细想来却好像又的确是这么回事，周铭原本还真只是合作态度，都是那个雨果自己咄咄逼人，周铭才将计就计把这个坑推给他了，关键雨果这家伙自己还跳的乐此不疲的
---------------------------------------------------------------------------------------------------
抓狂网笑话 作者:ersdregfm 正文:【http://www.yicommunity.com/nr/9/140825l0.html】: 梅塞德说到这里忽然想到了：“所以周铭你不仅是甩掉了包袱，而且还让他帮你冲锋陷阵吗？”    梅塞德看着周铭的眼神满是畏惧，这家伙也太可怕了吧？居然一场表演就有那么多含义
---------------------------------------------------------------------------------------------------
ღ( ´･ᴗ･` )第5页❤：
抓狂网笑话 作者:ersdregfm 正文:【http://www.yicommunity.com/nr/9/140824l0.html】: “而且还不仅是这样”胡安还说，“你觉得他拿到了这些债券以后，为了利益最大化，他会怎么做？”    “当然是抛售债券，或者搞垮哪个公司想办法让cds协议赔付，因为只有这样才能引爆这个炸弹尽可能获取最大的利益”
---------------------------------------------------------------------------------------------------
抓狂网笑话 作者:ersdregfm 正文:【http://www.yicommunity.com/nr/9/140823l0.html】: 很显然通过周铭的这一系列操作，cds协议这一块已经是一个高危行当了，周铭现在就是想把手上的cds协议还有那些债券都甩出去的，结果这位拿破仑先生就傻乎乎的上来接盘了    “可怜这家伙还一副傲慢的姿态，高高在上的以为自己占了多大便宜一样”梅塞德说的都有点同情这个二百五了
---------------------------------------------------------------------------------------------------
抓狂网笑话 作者:ersdregfm 正文:【http://www.yicommunity.com/nr/9/140822l0.html】: 周铭很直接的告诉他：“我从来没觉得cds协议是个靠谱的投资，你要快进快出赚快钱投机这没问题，但仍然风险很大，至于察觉到什么？你看我在泰国的cds协议做这么大，就连以王室为代表的本地资本集团都参与进来了，那些人会没反应吗？”    话都已经说到了这份上，梅塞德要再不明白就真傻了
---------------------------------------------------------------------------------------------------
抓狂网笑话 作者:ersdregfm 正文:【http://www.yicommunity.com/nr/9/140821l0.html】: 梅塞德已经彻底无语了，因为这个表演也太可怕了，就连他刚刚也真的相信周铭是被雨果给欺负压迫了的，难道这些都是演出来的戏吗？    摇摇头，梅塞德决定放弃这些想法，他想到了另外的问题又问：“所以周铭你觉得现在cds协议已经到了头，或者你已经察觉到了什么？”
---------------------------------------------------------------------------------------------------
抓狂网笑话 作者:ersdregfm 正文:【http://www.yicommunity.com/nr/9/140820l0.html】: “那你刚才还那么惊讶，后来又那么慌张和心有不甘，难道这些都是假的吗？”梅塞德很不解的问    “我觉得我有必要推荐给你演员的自我修养这本书了，真听真看真感受，我可是能拿奥斯卡小金人的演技派”周铭说
---------------------------------------------------------------------------------------------------
抓狂网笑话 作者:ersdregfm 正文:【http://www.yicommunity.com/nr/9/140819l0.html】: 梅塞德这才恍然反应过来：“所以这是个阴谋？”    周铭没好气的白了他一眼：“什么就成阴谋了？我可没骗他什么，只是他自己那么想要，我就顺理成章给他了，是他自己蠢罢了”
---------------------------------------------------------------------------------------------------
抓狂网笑话 作者:ersdregfm 正文:【http://www.yicommunity.com/nr/9/140818l0.html】: 这个时候胡安站出来告诉他：“兄弟，你是第一天认识周铭吗？”    梅塞德一脸迷茫的看着他，不明白他突然说这话是什么意思，胡安只好提醒他道：“你什么时候见他吃过亏？”
---------------------------------------------------------------------------------------------------
抓狂网笑话 作者:ersdregfm 正文:【http://www.yicommunity.com/nr/9/140817l0.html】: 周铭摊开双手表示：“那要不然还能怎么办？他都已经把话说到这份上了，难不成我们要在这里吵一架，然后更凭本事的巧取豪夺吗？”    “可是这也太欺负人了吧？什么一亿两亿泰铢，你知道这点钱根本不值一提，就算作为定金也仍然很过分的！”梅塞德说
---------------------------------------------------------------------------------------------------
抓狂网笑话 作者:ersdregfm 正文:【http://www.yicommunity.com/nr/9/140816l0.html】: 雨果说着就示意自己的管家结果周铭带来的那些协议还有债券大摇大摆离开了    看着他这么嚣张离开的背影，梅塞德站出来有些奇怪的问道：“周铭你就真这么把这些东西给他了吗？”
---------------------------------------------------------------------------------------------------
抓狂网笑话 作者:ersdregfm 正文:【http://www.yicommunity.com/nr/9/140815l0.html】: 雨果却不以为然道：“我欺负他怎么了？再说我欺负他什么，我怎么就不讲信誉了？我所做的一切就是按照行规来的好吗，大家做期货交易的时候不都是定金交易吗？剩下的等事情结束再全部支付，怎么面对那些农民的时候，你不说自己那么做是欺负他们了呢？”    胡安还想说什么，不过雨果却先摆了摆手：“好了我知道了，等我做成了这笔交易，我自然会把剩下的钱都支付给他，我雨果可是很有商业信誉的，哪怕是对这种下人，我也不会太过分的”
---------------------------------------------------------------------------------------------------
抓狂网笑话 作者:ersdregfm 正文:【http://www.yicommunity.com/nr/9/140814l0.html】: “但也幸好你用的是定金交易，如果你要真是用的全款，那我可就要叫你一声傻瓜啦！哈哈！”雨果哈哈嘲笑道    “雨果你真的太过分了！”胡安忍不住说道，“我们做生意从来都是讲信誉的，你怎么能这么欺负人呢？”
---------------------------------------------------------------------------------------------------
抓狂网笑话 作者:ersdregfm 正文:【http://www.yicommunity.com/nr/9/140813l0.html】: 雨果一脸这很简单的表情说：“其实我并不知道你究竟是怎么交易的，我只是随便猜猜的，没想到你自己就暴露了”    “但是你也千万别懊恼！”雨果接着又说，“因为要是其他人你或许能蒙混过关，但我玩金融已经十多年了，所谓金融杠杆在我看来不过就是最简单金融规则，只有你们根本不懂什么是金融，甚至连资本市场都没有的华人才会对这种东西大惊小怪，老实说你就像是乡下阿婆一样老土！”
---------------------------------------------------------------------------------------------------
抓狂网笑话 作者:ersdregfm 正文:【http://www.yicommunity.com/nr/9/140812l0.html】: 周铭故意做出一副惊讶的表情：“这些事情你怎么知道的？”    “看来我猜对了，你的确是用的定金交易，不得不说你很聪明，这样可以通过金融杠杆，通过最小的投入撬动更多的资本，是十分划算的投资行为，只是唯一的风险就是一旦市场的情况有变，你就会全赔进去”
---------------------------------------------------------------------------------------------------
抓狂网笑话 作者:ersdregfm 正文:【http://www.yicommunity.com/nr/9/140811l0.html】: 雨果却不耐烦的掏着耳朵：“怎么你觉得少了吗？那我再给你一亿好了”    说着他又写了一张支票给周铭：“而且我需要提醒你一点，我这上面的是泰铢，可不是什么美元，你忘了我刚才说的话吗？这些只是定金，并不是全部的款项，所以这些钱就够了，况且你别以为我不知道，你交易这些东西的时候也是用的定金吧”
---------------------------------------------------------------------------------------------------
抓狂网笑话 作者:ersdregfm 正文:【http://www.yicommunity.com/nr/9/140810l0.html】: 雨果对周铭说着，他从口袋里掏出了支票本唰唰唰写了一个数字然后递给周铭：“这些东西我都买下了，这些是定金，现在我没带律师过来，所以里面的东西我懒得看了，有问题我再找你”    周铭接过支票看到上面的数字就皱起了眉：“雨果先生，你这个数字不对吧？才只有一亿美元吗？这些cds协议和债券的价值可远不止这么一点”
---------------------------------------------------------------------------------------------------
ღ( ´･ᴗ･` )第6页❤：
抓狂网笑话 作者:ersdregfm 正文:【http://www.yicommunity.com/nr/9/140809l0.html】: 雨果对此十分满意，他十分傲慢的拍拍胡安的肩膀说：“看到没有，这就是华夏人，他们胆小怕事，只要你的态度强硬一些，他们就不得不听你的，这样的家伙我见多了况且泰国现在的形势你也不是不知道，是一个随时会爆炸的炸弹，所有人都在等着他爆炸，否则你以为就这个华人他能那么简单在这里做那么多事吗？”    “那么现在我知道了，我们可以开始交易了”
---------------------------------------------------------------------------------------------------
抓狂网笑话 作者:ersdregfm 正文:【http://www.yicommunity.com/nr/9/140808l0.html】: 胡安看着周铭，他心里感慨：周铭太可怕了，似乎比之前更厉害了！    随后胡安也在心里给得罪了周铭的雨果暗暗祈祷，也在心里打算着无论如何都要是周铭的朋友，就算以后不能合作也绝对不能成为对手敌人，那是比世界末日还要恐怖的    很快的，周铭带着一大堆文件还有几位律师回来，周铭告诉这位“拿破仑先生”这些就是关于cds协议和债券的一些相关文件，只要他想要，随时都可以进行交易了
---------------------------------------------------------------------------------------------------
抓狂网笑话 作者:ersdregfm 正文:【http://www.yicommunity.com/nr/9/140807l0.html】: 的确雨果他们带来泰国是有让周铭帮着教训他的意思，但他一直以为自己掩藏的很好，却没想到还是被周铭看出来了    不过好在也是雨果这个人有点傲慢的过了头，因此周铭也就顺水推舟这么做了
---------------------------------------------------------------------------------------------------
抓狂网笑话 作者:ersdregfm 正文:【http://www.yicommunity.com/nr/9/140806l0.html】: 周铭对此不置可否，他拍拍胡安的肩膀对他说：“你和梅塞德的打算我不想知道，不过既然我们现在都在泰国，我们还是要好好合作的，不要再把雨果这样的神经病带到这里来了，我这可不是康复中心”    周铭这番话就像是一盆冷水当头给胡安浇下，他倒吸了一口气，心里感慨周铭果然还是那个周铭，什么都瞒不过他
---------------------------------------------------------------------------------------------------
抓狂网笑话 作者:ersdregfm 正文:【http://www.yicommunity.com/nr/9/140805l0.html】: 周铭对此很无奈的表示：“亏你刚才还有脸说了解我，这么明显的事情还要问吗？”    胡安这时才猛然反应了过来：“所以周铭你是说这边的cds协议和债券市场都走到头了，摩根家族那边不会轻易让我们能动债券的对吗？”
---------------------------------------------------------------------------------------------------
抓狂网笑话 作者:ersdregfm 正文:【http://www.yicommunity.com/nr/9/140804l0.html】: 胡安愣愣看着周铭，他想说自己之前的确是那么想的，但这时他才猛然想起周铭并不是一个那么容易被打败的人，更不要说是被雨果那个神经病了    “难道你真有什么想法？”胡安有些不敢确信的问
---------------------------------------------------------------------------------------------------
抓狂网笑话 作者:ersdregfm 正文:【http://www.yicommunity.com/nr/9/140803l0.html】: 胡安又说：“周铭咱们可以合作伙伴，现在可千万不要说这种丧气话呀！雨果这个神经病只能代表他自己，我和梅塞德我们是了解你知道你本事的，不管怎么样我们都会支持你，雨果这个神经病我们会把他赶回法国的！”    周铭停下了脚步看着胡安问他：“怎么胡安你觉得我现在是在意气用事闹情绪吗？但我想说你错了，我是真的想把这些cds协议和债券都甩出去的，现在这个雨果这么自告奋勇，我当然就找他了”
---------------------------------------------------------------------------------------------------
抓狂网笑话 作者:ersdregfm 正文:【http://www.yicommunity.com/nr/9/140802l0.html】: “周铭你这是什么情况？刚才干嘛要答应雨果那个神经病？他只不过就那么说说，泰国这边的形势是你搞起来的，怎么能随便给他？我和梅塞德就在这里，他难道还能拿你怎么样不成？”胡安一路劝着周铭说    “胡安咱们也不是第一天认识了，你觉得我是随便给他的吗？我有心的想法了，想着反正债券和cds协议这边需要有人看着，他这么自告奋勇我觉得给他也挺好”周铭说
---------------------------------------------------------------------------------------------------
抓狂网笑话 作者:ersdregfm 正文:【http://www.yicommunity.com/nr/9/140801l0.html】: 说完这些，雨果才对周铭说：“那么既然答应了，就赶紧去拿你的债券文件还有其他cds协议过来，我就在这里等你回来交易”    周铭二话不说转身就走，胡安让梅塞德留在这里，他赔着周铭一起离开了
---------------------------------------------------------------------------------------------------
抓狂网笑话 作者:ersdregfm 正文:【http://www.yicommunity.com/nr/9/140800l0.html】: 雨果也愣了一下，觉得有点太轻松了，他随后哈哈大笑道：“看来周铭先生还是很懂事的，明白自己有什么本事，像这种事情接下来还是要交给我这种人来做就好了”    随后雨果还分别嘲讽了胡安和梅塞德，觉得他们太软弱太丢人了
---------------------------------------------------------------------------------------------------
抓狂网笑话 作者:ersdregfm 正文:【http://www.yicommunity.com/nr/9/140799l0.html】: 胡安随后还想说什么，但周铭却先说道：“既然雨果先生这么想要，那你全拿去好了”    胡安和梅塞德当时就惊了，他们不可思议看着周铭，没想到自己说了那半天，周铭就这样答应他了
---------------------------------------------------------------------------------------------------
抓狂网笑话 作者:ersdregfm 正文:【http://www.yicommunity.com/nr/9/140798l0.html】: 雨果接着说：“当然这些cds协议是你搞出来的，那些债券也都在你手上，你当然可以选择抓着不放，但是我劝你不要这么做，因为我不想引起什么不必要的冲突，毕竟我们还是合作伙伴嘛！”    “混蛋！你这是哪门子的合作伙伴？”胡安张嘴就骂他道
---------------------------------------------------------------------------------------------------
抓狂网笑话 作者:ersdregfm 正文:【http://www.yicommunity.com/nr/9/140797l0.html】: 雨果很不屑的掏掏自己的耳朵：“他一个华人，他懂怎么投资吗？不要以为剪了女人一样的辫子就是文明人了，现在他碰到做出一个cds协议市场，又正巧这些泰国蠢货们喜欢，我们就要赶紧把事情接过来，这样才能确保事情能得到一个我们想要的结果，而不是被这个人白白毁坏”    说着雨果又对周铭说：“很抱歉这位先生，我并没有任何针对你的意思，我只是觉得你并不适合继续做下去了”
---------------------------------------------------------------------------------------------------
抓狂网笑话 作者:ersdregfm 正文:【http://www.yicommunity.com/nr/9/140796l0.html】: 雨果摊开双手一脸的无所谓，一点也没有要和任何人商量的意思，他接着说：“放心吧，我也不会白要你这些债券的，我会支付你一定酬金的，价格就按之前一天的市场价吧”    胡安很看不过去说：“雨果你要知道周铭是我们的合作伙伴，并不是你的家臣，他做的这些事情都是有他的心血，怎么能你说拿走就拿走呢？况且就算真要投机债券了，也应该是让他来做的，这不是我们之前商量好的吗？”
---------------------------------------------------------------------------------------------------
抓狂网笑话 作者:ersdregfm 正文:【http://www.yicommunity.com/nr/9/140795l0.html】: “雨果你是想利用这些债券反冲cds协议市场，然后制造金融危机进行投机获利吗？你怎么能这么做？这个事情是周铭做出来的，你现在这么做他怎么办？”胡安质问道    “所以我现在不是在和他商量吗？”
---------------------------------------------------------------------------------------------------
ღ( ´･ᴗ･` )第7页❤：
抓狂网笑话 作者:ersdregfm 正文:【http://www.yicommunity.com/nr/9/140794l0.html】: “你是白痴吗？”雨果很不屑的讥讽着周铭，“我可不会做那种蠢事，不过cds协议倒是一个很不错的投资，所以我想要你手上的那些债券”    或许之前还只是猜测，但当他说出这些那就是傻子也明白了
---------------------------------------------------------------------------------------------------
抓狂网笑话 作者:ersdregfm 正文:【http://www.yicommunity.com/nr/9/140793l0.html】: 雨果对此回答就很直接了：“我听说你在泰国搞了一个cds协议交易场所？”    周铭有点想到雨果的目的了，但表面仍然不动声色的表示：“的确如此，就在卡兰顿大厦，所以你也是想参加这种cds协议的交易特权吗？这样的话我的确可以给你推荐去那二十多家跨国保险公司，能拿到最低价”
---------------------------------------------------------------------------------------------------
抓狂网笑话 作者:ersdregfm 正文:【http://www.yicommunity.com/nr/9/140792l0.html】: 场面再一次尴尬了，面对雨果那边的咄咄逼人，胡安和梅塞德都有点摸不着头脑不知道该说什么了，周铭也很无奈，他在欧洲被凯特琳弄的很头疼，就要找自己麻烦吗？怎么自己看起来就很像一个可以随便捏的软柿子吗？    “那你想怎么样？”周铭问，尽管心里很不爽，但周铭还是决定在没搞清楚情况前先摸摸底的好
---------------------------------------------------------------------------------------------------
抓狂网笑话 作者:ersdregfm 正文:【http://www.yicommunity.com/nr/9/140791l0.html】: 雨果对此反问他：“为什么不可以呢？那才是一个合作者所应该有的积极表现，否则我们为什么要帮助他在泰国这边的事情，我们的钱再多也不可能会帮助一个没有道理的人，况且我们也并不富裕！我们的合作伙伴应该是贵族豪门，而非乞丐！”    雨果说着抬手指着周铭又说：“而他……我很不喜欢！”
---------------------------------------------------------------------------------------------------
抓狂网笑话 作者:ersdregfm 正文:【http://www.yicommunity.com/nr/9/140790l0.html】: 但雨果那边却并不领情：“这算是什么理由吗？还是你的耳朵根本就是个摆设呢？我记得很清楚我昨天晚上的电话里，已经很明确告诉了你，我们会很早到的，但是你仍然迟到了，你这样是极为不尊重的表现！”    胡安看不过去了说：“雨果你这么说也太过分了，你们的时差根本不在一个水平线上，难道你要他凌晨三点去机场接我们吗？”
---------------------------------------------------------------------------------------------------
抓狂网笑话 作者:ersdregfm 正文:【http://www.yicommunity.com/nr/9/140789l0.html】: 周铭没有和他们闹掰的打算，所以就算是雨果，他也决定先退一步    “雨果先生你好，首先对于我来晚了的事情我感到很抱歉，不过这也是有原因的，我并不知道你会什么时候来泰国，事实上我已经起的很早了”周铭很尽力的去解释
---------------------------------------------------------------------------------------------------
抓狂网笑话 作者:ersdregfm 正文:【http://www.yicommunity.com/nr/9/140788l0.html】: 随后胡安还告诉周铭，雨果有法国人和拿破仑家族合二为一的高傲，他尤其看不上华夏人，所以脾气有点不太好；再加上最近凯特琳的恢复家族产业计划，导致侵占了哈鲁斯堡很多产业的拿破仑家族损伤很大，这样一来，雨果对于有着凯特琳未婚夫身份的周铭自然就没啥好脸色了    胡安和周铭这边在交头接耳，那边雨果却无所谓的呵呵一笑，依然颐指气使的：“我有说错了吗？我们昨天就已经告诉他今天我们会来泰国，可是他在做什么，现在都已经九点才到这里，居然连迎接我们的步骤都没有，他这样是否有点太目中无人了呢？”
---------------------------------------------------------------------------------------------------
抓狂网笑话 作者:ersdregfm 正文:【http://www.yicommunity.com/nr/9/140787l0.html】: 如果说旁波家族完全垄断了红酒香槟等奢侈品行业，那么拿破仑家族历经百年的泛投资计划，让他们家族的财富遍布了整个法国，几乎所有的法国产业里都有拿破仑家族的影子    不过周铭对拿破仑家族的这点破事并不感兴趣，他唯一恍然大悟的是总算明白自己怎么会对这个人有点似曾相识了，因为自己曾经在卢森堡见过他一面的，也就是卢森堡那一次，自己才认识了胡安
---------------------------------------------------------------------------------------------------
抓狂网笑话 作者:ersdregfm 正文:【http://www.yicommunity.com/nr/9/140786l0.html】: 说完胡安转头回来给周铭介绍那人的身份，他名叫雨果，这个名字在法国很普通，但要提起他的家族却很不得了，拿破仑，这个名字即便放在全世界，稍微有点文化的就不会没听过，曾经取代了旁波家族成为法国王族，并将法国的权势燃烧到了极致的科西嘉豪门    或许拿破仑家族在法国的统治时间不长，但名声却比同为法王的旁波家族要响亮许多，再加上和意大利荷兰奥地利等国王室错综复杂的联姻，过去科西嘉地区的小贵族就一跃成为了能与旁波家族并肩的高卢豪门了
---------------------------------------------------------------------------------------------------
抓狂网笑话 作者:ersdregfm 正文:【http://www.yicommunity.com/nr/9/140785l0.html】: 周铭到了这里正要上前和胡安还有梅塞德打招呼，却没想那个人先说出这么一句话    顿时气氛就变得非常尴尬，胡安顿时皱起眉头骂他道：“雨果你这是在干什么？这位是周铭先生，是我们的朋友，你怎么能这样说他？”
---------------------------------------------------------------------------------------------------
抓狂网笑话 作者:ersdregfm 正文:【http://www.yicommunity.com/nr/9/140784l0.html】: 不用想这个就是之前胡安在电话里说的那个陌生新朋友了    只是周铭见到这个人的第一眼，就感觉很不好    “这就是你们的合作人吗？也太差劲了！”
---------------------------------------------------------------------------------------------------
抓狂网笑话 作者:ersdregfm 正文:【http://www.yicommunity.com/nr/9/140783l0.html】: 不过最后周铭还是带着苏涵去了，那是在曼谷市郊的一个私人酒庄，或者与其叫酒庄不如说是一个田园农场的好，因为那是在一片麦田和葡萄园中间的一哥别墅    周铭和苏涵的车进去了别墅，他们把车停在了指定地点，才下车，就看到一个肥胖的熟悉身影朝他们过来，不用想那就是西班牙的阿拉贡公爵胡安了，他旁边的帅哥是汉诺威王子梅塞德，只是还有一个眼熟但周铭却又怎么也想不起来在哪见过他的陌生人
---------------------------------------------------------------------------------------------------
抓狂网笑话 作者:ersdregfm 正文:【http://www.yicommunity.com/nr/9/140782l0.html】: 周铭表示知道了，于是他和苏涵早早就休息了，第二天早上他们早早的就起来了，不过等他们洗漱了准备出发去私人机场的时候，却突然接到电话让他们去一个私人酒庄    消息让周铭感到有些莫名，同时也有了不好的预感
---------------------------------------------------------------------------------------------------
抓狂网笑话 作者:ersdregfm 正文:【http://www.yicommunity.com/nr/9/140781l0.html】: 因此周铭一直以来都觉得能和那些家伙合作就好好合作，就算自己让一步也就那么回事    随后周铭带着苏涵回去了房间，傍晚的时候李庆安果然帮周铭请来了瑜伽教练，周铭和苏涵跟着学了一点，晚上又看了一会今天李庆安收集来的最新消息正要休息，胡安就打电话过来说他们会在明天早上过来泰国
---------------------------------------------------------------------------------------------------
抓狂网笑话 作者:ersdregfm 正文:【http://www.yicommunity.com/nr/9/140780l0.html】: “现在要说有什么办法很不现实，一切还是都等到他们过来以后好好认识认识那位新朋友再说吧”周铭定下了这个基调    事实这也一直是周铭的打算，他和胡安他们的结盟很重要，要不是有他们这些豪门家族在隐隐的威胁，不管伯亚还是摩根家族，他们做事就不会那么投鼠忌器了，周铭就算再狂也不认为自己可以单挑一个百年的豪门金融家族，那是相当不现实的
---------------------------------------------------------------------------------------------------
ღ( ´･ᴗ･` )第8页❤：
抓狂网笑话 作者:ersdregfm 正文:【http://www.yicommunity.com/nr/9/140779l0.html】: 周铭想了想摇头说：“对于胡安那个胖子我还是有信任的，我觉得问题恐怕出在他们特意跟我说的那个新朋友身上，毕竟他不认识我，不了解我有什么能力，又或者他干脆还对我华人的身份带着很重的有色眼镜，所以见泰国这边有了一点成果，就想直接伸手过来摘桃子了”    “那周铭你打算怎么应对？不能周铭你在这边白帮他们做事啊，这些家伙真是太恶心了！”苏涵说
---------------------------------------------------------------------------------------------------
抓狂网笑话 作者:ersdregfm 正文:【http://www.yicommunity.com/nr/9/140778l0.html】: 不用想周铭也知道那肯定是泰国这边的动静也引起他们的主意了，他们通过各种渠道了解到了发生在卡兰顿大厦一楼的cds协议交易情况，那种火热让他们也都按耐不住想要横插一脚进来了    “这些家伙，明明之前都说好了泰国这边都交给周铭你来做，他们只会在背后给你提供支持的，结果现在周铭你才搞出了cds协议，他们就坐不住了，这也对你太不信任了吧？”苏涵很为周铭鸣不平
---------------------------------------------------------------------------------------------------
抓狂网笑话 作者:ersdregfm 正文:【http://www.yicommunity.com/nr/9/140777l0.html】: 作为周铭的女人，苏涵当然明白自己的男人在说什么：“周铭你是说胡安那边吗？”    周铭点头表示就是那些家伙，周铭当然也不是想一出说一出的，而是前天胡安给自己打了电话，说他们最近几天会要过来泰国，并且还会带位新朋友过来
---------------------------------------------------------------------------------------------------
抓狂网笑话 作者:ersdregfm 正文:【http://www.yicommunity.com/nr/9/140776l0.html】: 周铭摇摇头表示：“有些事情过犹不及的，而且很多东西也不是每个人都能注意到的，要不然像我们这样的天纵奇才岂不是很没有市场了吗？”    皮了几句以后，周铭的表情逐渐严肃了起来：“不过不管李庆安还是境外的离岸资本都好解决，但另一个事情或许会有点麻烦了”
---------------------------------------------------------------------------------------------------
抓狂网笑话 作者:ersdregfm 正文:【http://www.yicommunity.com/nr/9/140775l0.html】: “既然想不到就别总去想了，老是盯着一个事情反复去想很容易脑残的”    周铭这么对李庆安说道，随后就打发他离开了，苏涵这时走上来也很无奈：“好歹他也是李家在泰国的掌门人，居然连这点都想不到吗？他的眼光有点太差了吧？周铭你真的不再多提醒一点了吗？”
---------------------------------------------------------------------------------------------------
抓狂网笑话 作者:ersdregfm 正文:【http://www.yicommunity.com/nr/9/140774l0.html】: 这个答案让李庆安很受伤，因为这根本就和没回答他一样啊，尽管他从不感觉自己有多重要，但这也未免太敷衍了一点吧？    对于李庆安的这种悟性，周铭只能摇头表示无奈了，因为他已经提示的很明显了，否则干嘛要让他紧盯这些企业的资金流向呢？难道他就没有自己去查过这些企业的资金流吗？如果有很容易就能找到这些企业接受境外资本的蛛丝马迹，然后顺水推舟就不难猜测这些企业的成分了
---------------------------------------------------------------------------------------------------
抓狂网笑话 作者:ersdregfm 正文:【http://www.yicommunity.com/nr/9/140773l0.html】: 李庆安说到这里却又疑惑了：“可是怎么能确定这些企业真的是呢？”    “这还不简单，你接着盯下去就知道了”周铭告诉他
---------------------------------------------------------------------------------------------------
抓狂网笑话 作者:ersdregfm 正文:【http://www.yicommunity.com/nr/9/140772l0.html】: 李庆安一脸茫然，显然第一时间没反应过来周铭强调的意思，因为在两个月以前安娜还没来泰国，爱丽丝投资银行那时在泰国也只是个很普通的企业，别说一般人了，就算是金融从业者也没多少听说过这个名字的，都是安娜女士给企业带来的机会……    想到这里，李庆安突然意识到了什么：“所以先生您是说这些企业也和爱丽丝投资银行一样，只是国外财团控制下的跳板，只是平时没有动用才会显得普通？”
---------------------------------------------------------------------------------------------------
抓狂网笑话 作者:ersdregfm 正文:【http://www.yicommunity.com/nr/9/140771l0.html】: “那当然是首屈一指的金融机构了，尤其还有安娜女士这么厉害的掌门人！”李庆安说    周铭随后强调道：“我说的是两个月以前”
---------------------------------------------------------------------------------------------------
抓狂网笑话 作者:ersdregfm 正文:【http://www.yicommunity.com/nr/9/140770l0.html】: 李庆安想了想又说：“先生恕我直言，我觉得这些投资银行和基金可能并不怎么重要，尽管他们是有国外资本控股的，但他们本身也就那样了啊！”    “是吗？那你觉得爱丽丝投资银行怎么样？”周铭突然问
---------------------------------------------------------------------------------------------------
抓狂网笑话 作者:ersdregfm 正文:【http://www.yicommunity.com/nr/9/140769l0.html】: “好了现在我们也并不是真的不管不顾了的，之前我不是还给你准备了一些任务吗？有没有什么动静？”周铭问道    李庆安摇摇头：“先生您让我注意的那几家投资银行和基金，最近几天都没有什么异动”
---------------------------------------------------------------------------------------------------
抓狂网笑话 作者:ersdregfm 正文:【http://www.yicommunity.com/nr/9/140768l0.html】: 这个理论让李庆安怎么也想不通，因为在金融领域都是先到先吃肉的，每个人都恨不能冲到市场前面去，怎么会有人故意等着其他人先动手呢？那么一旦市场形势被带动起来，就像原本可以抄底的股票，一旦他开始暴涨一旦有利好消息出来再去买，那还有什么利益可言呢？    要是其他人这么说，李庆安就要开骂了，但是周铭他就不知道该怎么办了
---------------------------------------------------------------------------------------------------
抓狂网笑话 作者:ersdregfm 正文:【http://www.yicommunity.com/nr/9/140767l0.html】: 李庆安对此很无奈：“先生您就是这样转移话题的吗？现在卡兰顿大厦那边的交易那么火热，难道我们就这么干看着吗？先生您不是早就准备好了接下来的计划吗？”    其实周铭不想说的，但觉得自己要再这么下去，李庆安恐怕就真要抑郁了，于是周铭想了想说：“很多事情并没有你想的那么简单，我不作为也有我的道理，我是在等其他人先动手”
---------------------------------------------------------------------------------------------------
抓狂网笑话 作者:ersdregfm 正文:【http://www.yicommunity.com/nr/9/140766l0.html】: 这话说的李庆安又郁闷了，他苦涩道：“先生您真的明白我想表达什么了吗？而且瑜伽也不是泰国的，那是印度的”    周铭惊讶咦一声：“是这样吗？看来是我记错了，不过也无所谓，有用就行”
---------------------------------------------------------------------------------------------------
抓狂网笑话 作者:ersdregfm 正文:【http://www.yicommunity.com/nr/9/140765l0.html】: “先生，其实我……”    李庆安想说什么，不过周铭却先说道：“最近我和小涵玩的太嗨了，有点腰酸背痛的，听说泰国这边的瑜伽还不错，我们想找个瑜伽教练没事练练”
---------------------------------------------------------------------------------------------------
ღ( ´･ᴗ･` )第9页❤：
抓狂网笑话 作者:ersdregfm 正文:【http://www.yicommunity.com/nr/9/140764l0.html】: 面对这么崩溃的李庆安，周铭笑着对他说：“我知道你在担心什么，我心里都有数的”    李庆安愣了一愣，说实在的，他相信周铭是真的明白自己意思了的，可他说的这番话，却又让他没底了
---------------------------------------------------------------------------------------------------
抓狂网笑话 作者:ersdregfm 正文:【http://www.yicommunity.com/nr/9/140763l0.html】: 李庆安这只不过是想找个话题而已，他真正想问的是周铭，他想知道他们究竟在等什么，为什么这几天这么无所事事啊！    可他又不敢那么直接去问，所以就只能通过这些问题一点点带入了但是现在周铭回答的这么轻巧，他突然又不知道该如何继续了，尽管他准备了不少话题
---------------------------------------------------------------------------------------------------
抓狂网笑话 作者:ersdregfm 正文:【http://www.yicommunity.com/nr/9/140762l0.html】: 周铭对此摆摆手表示：“不用，所有泰国的本地资本集团都参与其中，其中利益纠缠，给那些相关部门一百个胆子也不敢取缔的，顶多也就是嘴上喊喊吓唬人罢了，没必要管他”    周铭回答的很轻巧，不过李庆安就要哭了，因为他从开始就不是想说什么关于取缔的事情，他就算没学过政治也明白经济基础决定上层建筑的含义，连自己的资本财团都一个个参与了，哪是说取缔就取缔的？哪个部长真敢做，那些资本家就敢暗杀了他
---------------------------------------------------------------------------------------------------
抓狂网笑话 作者:ersdregfm 正文:【http://www.yicommunity.com/nr/9/140761l0.html】: 这天周铭和苏涵才回来，李庆安就再也忍不住的主动找了上去    “先生我最近收到了消息，说国家金融监管委员会对卡兰顿一楼这种cds协议市场的私自行为很是不满，有计划要取缔这里，我们是不是要提前做点准备呀？”李庆安询问
---------------------------------------------------------------------------------------------------
抓狂网笑话 作者:ersdregfm 正文:【http://www.yicommunity.com/nr/9/140760l0.html】: 这一幕被老摩根看在了眼里    得到以泰国王室为首的本地资本财团还有泰国的几大银行，这些全部都被拖下水，参与了在卡兰顿大厦一楼的cds协议交易以后，周铭反而放松了下来，也没再天天看各种消息，分析信息了，而是带着苏涵在曼谷周边旅游了一圈，拍了很多照片    其实对周铭来说，他是很想带着苏涵去传说中的普吉岛和芭提雅的，毕竟重生前这些地方被那些小资小清新吹了一耳朵，现在有机会怎么会不想去呢？只是曼谷这边的情况周铭还是要盯着，就只能在周边了
---------------------------------------------------------------------------------------------------
抓狂网笑话 作者:ersdregfm 正文:【http://www.yicommunity.com/nr/9/140759l0.html】: 面对电话里这些无情的嘲讽和质疑，伯亚反而冷静下来了    “各位叔伯们，你们可以嘲笑和质疑我没关系，但我还是要说，周铭那个人绝对不简单，我们任何事情都必须认真慎重，轻易草率的做出决定只会让我们倒霉！”伯亚冷静说出这番话，不过他的双手却紧紧握着拳
---------------------------------------------------------------------------------------------------
抓狂网笑话 作者:ersdregfm 正文:【http://www.yicommunity.com/nr/9/140758l0.html】: “小孩你了解什么？怎样输给一个华人吗？你是不忘了自己是怎么从印尼回来的了？或者撰写一本我和失败的二三事这样的书籍，我想这的确更适合你！”    “老摩根你难道真的放弃了吗？如果这样我认为我们很有必要重新商讨一下合作的问题了，因为你显然已经失去了公平，居然在如此重要的会议上，搞出了这么一个不懂事的小孩！”
---------------------------------------------------------------------------------------------------
抓狂网笑话 作者:ersdregfm 正文:【http://www.yicommunity.com/nr/9/140757l0.html】: “就因为我和那个周铭交手过，所以我才了解他，我相信他做cds协议的目的并不简单，如果我们只是去抛售债券，试图通过这种方法去抢主动权，那是绝对错误的，越是事情紧张，我们越是应该要沉住气而不是随意的做决定，我们需要慎重！”伯亚大声说道    伯亚尽力在解释，但电话里传来的只是更厉害的嘲笑
---------------------------------------------------------------------------------------------------
抓狂网笑话 作者:ersdregfm 正文:【http://www.yicommunity.com/nr/9/140756l0.html】: “宠溺也应该有个限度，老摩根你太过分了，年轻人失败不可怕，但还想着表现自己拿自己的愚蠢衡量别人，这就不对了！”    电话里一句句的嘲讽让伯亚气到不行，不过他也注意到了老摩根把电话给他，他明白老摩根的意思，因此他没有退缩
---------------------------------------------------------------------------------------------------
抓狂网笑话 作者:ersdregfm 正文:【http://www.yicommunity.com/nr/9/140755l0.html】: 显然老摩根是想给自己优秀的传人一个机会的，不过电话里其他人就不高兴了    “这哪里来的小b崽子声音？老摩根你这是什么意思，凭什么我们讨论的问题，你居然让一个未成年人来旁听？小孩就是应该去上学，而不是掺和我们的大事！”
---------------------------------------------------------------------------------------------------
抓狂网笑话 作者:ersdregfm 正文:【http://www.yicommunity.com/nr/9/140754l0.html】: 这个想法得到了其他人的支持，他们虽然不知道周铭最终是什么打算，但现在cds协议这么火热，那些债券肯定是关键那么这样一来，与其让周铭动手，还不如他们先动手，这样至少主动权还在自己手上    “这样不行！”伯亚情急之下喊出来了，老摩根看了他一眼，然后把电话给他递过去了
---------------------------------------------------------------------------------------------------
抓狂网笑话 作者:ersdregfm 正文:【http://www.yicommunity.com/nr/9/140753l0.html】: 伯亚点头回答：“不仅是泰国国债，还有其他的企业债券……”    这边伯亚和老摩根的讨论还在继续，电话里刚才还吵成一团的声音似乎有些统一了：“我们就抛售了国债还有其他的企业债券，让那个周铭的打算见鬼去吧！”
---------------------------------------------------------------------------------------------------
抓狂网笑话 作者:ersdregfm 正文:【http://www.yicommunity.com/nr/9/140752l0.html】: 老摩根问的简单，伯亚回答的也很简单：“不能放任cds协议交易的进行，但针对周铭的办法也必须慎重”    “所以你觉得泰国国债并不是那个周铭的目标对吗？”老摩根又问
---------------------------------------------------------------------------------------------------
抓狂网笑话 作者:ersdregfm 正文:【http://www.yicommunity.com/nr/9/140751l0.html】: 听了一会，老摩根放下电话转身问他：“伯亚你有什么看法？”    虽然伯亚是从印尼灰溜溜的败回来的，但他的金融手段和能力还是被认可的，并且伯亚也并没有在印尼和周铭的较量中失败了就一蹶不振，或许刚回来的时候，他发泄的颓废了一阵，虐死了几个女仆，但不过就是一个星期以后，他就又恢复了以前的样子，或者说更努力了，正是这样，老摩根才带他旁听了这次电话会议
---------------------------------------------------------------------------------------------------
抓狂网笑话 作者:ersdregfm 正文:【http://www.yicommunity.com/nr/9/140750l0.html】: 电话里，这些人在吵吵闹闹各说各的，就像是一群鸭子在喊叫一般    在摩根城堡的房间里，老摩根皱着眉头坐在那里，年轻人伯亚站在身后，脸上的表情阴阴沉沉的，哪怕是最优秀的心理大师也根本看不出他心里究竟在想什么
---------------------------------------------------------------------------------------------------
ღ( ´･ᴗ･` )第10页❤：
抓狂网笑话 作者:ersdregfm 正文:【http://www.yicommunity.com/nr/9/140749l0.html】: “不管怎么样，这种不受监管的交易必须得到控制，我们已经在泰国布控了五年以上，就是等着最后收网，怎么能让其他人过来横插一脚，这是我们不能容忍的！”    “一定要弄他，这个人我从听到他名字的那一刻起就让我很不爽，现在更是有了十足的理由……”
---------------------------------------------------------------------------------------------------
抓狂网笑话 作者:ersdregfm 正文:【http://www.yicommunity.com/nr/9/140748l0.html】: 没有人会忽略这个消息，或者说他们也不知道这时候的这个情况会带来什么样的后果，所以很快被选为“指挥官”的杰克摩根，就拉着其他人连线了一次电话会议    “我认为这个周铭突然搞出这个cds协议交易一定有问题，他的目标可能是对准了泰国国债的，我不是说他想拿到那些赔付，而是会有其他的手段，你知道的，这个人他的鬼点子很多！”
---------------------------------------------------------------------------------------------------
抓狂网笑话 作者:ersdregfm 正文:【http://www.yicommunity.com/nr/9/140747l0.html】: 再到了现在，东南亚又被各大豪门选为了世界资本大战的战场，所有资本疯狂进入布局，那么泰国这个战场火药桶的一举一动，自然也都牵扯了全世界资本豪门的神经    事实也的确如此，当cds协议交易在泰国才刚萌芽的时候，消息就已经传遍了全世界
---------------------------------------------------------------------------------------------------
抓狂网笑话 作者:ersdregfm 正文:【http://www.yicommunity.com/nr/9/140746l0.html】: 李庆安是在泰国的李家掌柜，所以他也只能看到泰国的形势，但周铭却是从外面进来的，尤其还参与了印尼那些事情，也见过了胡安这些世界豪门，因此他很清楚泰国这边的情况和整个世界是分不开的    从历史来看，泰国甚至整个东南亚的经济腾飞，都是在广场协议以后，东洋这个世界第二经济体被强制放血，日元升值，大批的资本出逃，选择在东南亚扎根投资，以换取资本的保值以及继续增长，这才有了所谓的东南亚经济的“黄金十年”
---------------------------------------------------------------------------------------------------
抓狂网笑话 作者:ersdregfm 正文:【http://www.yicommunity.com/nr/9/140745l0.html】: 周铭笑着告诉他：“越是当你接近目标的时候就越是危险的时候，所以这时候就越是要耐着性子不能毛糙不能打草惊蛇，况且这时候有人会比我们更急”    李庆安一脸蒙圈的看着周铭，完全不明白这是什么意思，周铭也没有解释，只是拍拍他的肩膀让他继续关注形势，那才是最重要的
---------------------------------------------------------------------------------------------------
抓狂网笑话 作者:ersdregfm 正文:【http://www.yicommunity.com/nr/9/140744l0.html】: 作为跟着周铭最紧密的人，李庆安当然是明白周铭安排的，尤其他更清楚一旦周铭的布局开始运作会造成怎样巨大的影响，那都是会被载入世界经济史册的，让他光是想想就激动万分了，所以他才这么问    不过周铭却摆摆手表示现在还不着急，这让李庆安有点不明白了，怎么还要再看呢？
---------------------------------------------------------------------------------------------------
抓狂网笑话 作者:ersdregfm 正文:【http://www.yicommunity.com/nr/9/140743l0.html】: 李庆安想了想然后回答：“现在还没有具体数据回馈回来，不过粗略统计了cds协议市场的资金流动情况，肯定是这样，否则不会有那么多资金”    说到这里李庆安有点更激动了：“先生，那现在既然情况已经这样了，是不是该进行下一步了？”
---------------------------------------------------------------------------------------------------
抓狂网笑话 作者:ersdregfm 正文:【http://www.yicommunity.com/nr/9/140742l0.html】: 这是很正常的做法，同样也是周铭希望看到的    “现在是不是泰国几大银行都被拉进来了？”周铭问道
---------------------------------------------------------------------------------------------------
抓狂网笑话 作者:ersdregfm 正文:【http://www.yicommunity.com/nr/9/140741l0.html】: 周铭对此并不奇怪，这并不是说过来投资的都是没水平的外围成员，而是像这种商界大亨，他们一般不会有太多的流动资金，他们会把大多数的钱都投资出去进行钱滚钱，手上只有应急的资金就够了，他们才不会傻傻的赚了多少钱都存进银行吃利息，那对他们来说是最亏的做法    因此不管是谁，要一下子拿出很大一笔钱来做投资都是很困难的，所以相比之下他们遇到了好的投资项目，会贷款来做，就变得很正常了
---------------------------------------------------------------------------------------------------
抓狂网笑话 作者:ersdregfm 正文:【http://www.yicommunity.com/nr/9/140740l0.html】: “所以就是说以泰国王室资本为代表的本地资本集团，也都已经参与到这次的cds协议里来了吗？”苏涵这时询问    李庆安点头表示就是这样，虽然大多数王室成员并不会都亲身去交易市场，但他们的资本已经流动到那里却是无可争议的，李庆安还说：“并且还有一点，在交易市场里，很多去买cds协议的人，他们使用的都是贷款，甚至其中还包括了一些王室成员”
---------------------------------------------------------------------------------------------------
抓狂网笑话 作者:ersdregfm 正文:【http://www.yicommunity.com/nr/9/140739l0.html】: 说实在的，周铭也有点同情那位叫吉拉提的人了，因为相比其他人，他还是能看清局面的，知道不能放任cds协议这么自由交易下去，否则就会出现挽回不了的情况，或者说他还是坚持要把cds协议都掌握在自己手里    然而他是想到了，但问题在于其他人都没想到，或者他们已经被炒cds协议带来的利益蒙住了眼睛，不愿意去想这些了，那个臭骂了吉拉提的人，就是代表
---------------------------------------------------------------------------------------------------
抓狂网笑话 作者:ersdregfm 正文:【http://www.yicommunity.com/nr/9/140738l0.html】: 随后听李庆安接着说下去，周铭才恍然明白过来，原来吉拉提是过去阻止了不假，但他却并没能成功，刚好现场就有其他辈分比他高的王室成员过来就给他一顿臭骂，吉拉提最后没办法，就在现场疯狂自黑，说自己是为了利益，cds协议是最值得交易的    听完这些，周铭只能报以哑然一笑了，尽管他对cds协议对人的吸引力很有信心，却也怎么都想不到会做成这个结果
---------------------------------------------------------------------------------------------------
抓狂网笑话 作者:ersdregfm 正文:【http://www.yicommunity.com/nr/9/140737l0.html】: 这些嘲讽李庆安却并没有听进去，他仍然很激动道：“周铭先生cds协议市场那边出大事啦，就在昨天晚上，有一个叫吉拉提的人去那里大量收购cds协议，阻止cds协议自由交易，据我所知这个叫吉拉提的人是王室的旁支成员，他手上资产数十亿，在泰国几大银行都有投资，最近也和国王马拉九世走的比较近”    李庆安的激动让周铭一头雾水，有点没搞清楚情况，虽然我说过有人来阻止是正常的，但也不至于这么高兴吧？
---------------------------------------------------------------------------------------------------
抓狂网笑话 作者:ersdregfm 正文:【http://www.yicommunity.com/nr/9/140736l0.html】: 坤哥要吐血疯了：尼玛！你特么不是王子吗？不是好了可以相互依靠的吗？不是说好了让我好好看好好学，看你是怎么对付这些白痴的吗？怎么现在你也成了这些白痴的一员了呢？    大清早周铭还睡的迷迷糊糊的时候就被一阵急促的敲门声惊醒了，周铭爬起来过去打开门，就见李庆安一脸激动的站在门外    “我靠你这什么情况？大清早的吃了春药吗？那这样你出门左转去会所找个姑娘人妖什么的都好，敲我门干什么？我特么是个钢铁直男，对你的菊花没有丝毫兴趣！”周铭对他说
---------------------------------------------------------------------------------------------------
抓狂网笑话 作者:ersdregfm 正文:【http://www.yicommunity.com/nr/9/140735l0.html】: 这时七大姑回头问：“那吉拉提你要不要过来跟我一起炒cds协议？”    吉拉提兴奋的说了一声好，然后就蹦蹦跳跳的跑过去了
---------------------------------------------------------------------------------------------------
------爬虫完毕
LC最寄语:要学会举一反三!~LC
