解析原报文的字符创度为: 200
解析开始时间【 2019-08-29 16:59:52.303214 】
解析原报文为: 680064304101000003600000006519082902560001004A000360000000652200640100010113080A0800000000030000000200000000012B03DD035E000000002100000000000725000000000000000000000000000000000000000000FD32224D7F6816
3041
本帧明细记录数 1
具体解析内容开始:
{
    "功能码": 3041,
    "功能码介绍": "后付费或预付费后台结算表下主动上报",
    "通讯类型": "UDP/TCP/CoAP",
    "功能说明": "表具自醒后，主动上报数据，并主动向平台发送从上次上报后到当前的采集记录。每帧发送固定条数数据，分帧发送.",
    "报文头": [
        {
            "who": "报文头",
            "报文长度": "100",
            "功能码": "3041",
            "传送方向": "01",
            "请求响应标志": "00",
            "RTU表具编号": "00036000000065",
            "报文ID": "19082902560001"
        }
    ],
    "请求报文数据域定义": [
        {
            "who": "请求报文数据域定义",
            "流量计表编号": "00036000000065",
            "信号强度 ": "22",
            "电源类型": "00",
            "电池电量": "100%",
            "最后一帧标志": "01",
            "帧序号": "0001",
            "本帧明细记录数": "01",
            "日抄表明细": [
                {
                    "who": "日抄表明细",
                    "serial_no": 1,
                    "读数日期": "13080A",
                    "读数时间": "0800",
                    "累积工况总量": "3 m³/H",
                    "累积标况总量": "2 m³/H",
                    "标况瞬时流量": "0.0 m³/H",
                    "温度": "29.9 ℃/摄氏度",
                    "压力": "98.9 KPa",
                    "阀门状态": "03",
                    "状态字": "000000002100",
                    "工况瞬时流量": "0.0 m³/H",
                    "电池电压": "7.37",
                    "预留字节": "0000000000000000000000000000000000000000"
                }
            ]
        }
    ],
    "密文数据域": [
        {
            "who": "密文数据域",
            "密钥版本": "00",
            "密文": "FD32224D"
        }
    ]
}
具体解析内容结束
解析成功,解析结束时间【 2019-08-29 16:59:52.312218 】
整个程序运行总时间: 0 秒
-------------------------------------------------------------------------------------------------
解析原报文的字符创度为: 970
解析开始时间【 2019-08-29 17:00:09.471337 】
解析原报文为: 6801e530410100000360000000881908290256000101cb000360000000882600640100010813081c130005b4061c05b37b0000000000011d03f0000000000000000000000000071c000000000000000000000000000000000000000013081c140005b4061c05b37b0000000000011f03ee000000000000000000000000071c000000000000000000000000000000000000000013081c150005b4061c05b37b0000000000012803f1000000000000000000000000071c000000000000000000000000000000000000000013081c160005b4061c05b37b0000000000012d03f1000000000000000000000000071c000000000000000000000000000000000000000013081c170005b4061c05b37b0000000000012d03ee000000000000000000000000071c000000000000000000000000000000000000000013081d000005b4061c05b37b0000000000013603ee000000000000000000000000071c000000000000000000000000000000000000000013081d010005b4061c05b37b0000000000012503ee000000000000000000000000071c000000000000000000000000000000000000000013081d020005b4061c05b37b0000000000013203ed000000000000000000000000071c000000000000000000000000000000000000000000a9fa0ada194916
3041
本帧明细记录数 8
具体解析内容开始:
{
    "功能码": 3041,
    "功能码介绍": "后付费或预付费后台结算表下主动上报",
    "通讯类型": "UDP/TCP/CoAP",
    "功能说明": "表具自醒后，主动上报数据，并主动向平台发送从上次上报后到当前的采集记录。每帧发送固定条数数据，分帧发送.",
    "报文头": [
        {
            "who": "报文头",
            "报文长度": "485",
            "功能码": "3041",
            "传送方向": "01",
            "请求响应标志": "00",
            "RTU表具编号": "00036000000088",
            "报文ID": "19082902560001"
        }
    ],
    "请求报文数据域定义": [
        {
            "who": "请求报文数据域定义",
            "流量计表编号": "00036000000088",
            "信号强度 ": "26",
            "电源类型": "00",
            "电池电量": "100%",
            "最后一帧标志": "01",
            "帧序号": "0001",
            "本帧明细记录数": "08",
            "日抄表明细": [
                {
                    "who": "日抄表明细",
                    "serial_no": 1,
                    "读数日期": "13081c",
                    "读数时间": "1300",
                    "累积工况总量": "95684124 m³/H",
                    "累积标况总量": "95648512 m³/H",
                    "标况瞬时流量": "0.0 m³/H",
                    "温度": "28.5 ℃/摄氏度",
                    "压力": "100.8 KPa",
                    "阀门状态": "00",
                    "状态字": "000000000000",
                    "工况瞬时流量": "0.0 m³/H",
                    "电池电压": "7.28",
                    "预留字节": "0000000000000000000000000000000000000000"
                },
                {
                    "who": "日抄表明细",
                    "serial_no": 2,
                    "读数日期": "13081c",
                    "读数时间": "1400",
                    "累积工况总量": "95684124 m³/H",
                    "累积标况总量": "95648512 m³/H",
                    "标况瞬时流量": "0.0 m³/H",
                    "温度": "28.7 ℃/摄氏度",
                    "压力": "100.6 KPa",
                    "阀门状态": "00",
                    "状态字": "000000000000",
                    "工况瞬时流量": "0.0 m³/H",
                    "电池电压": "7.28",
                    "预留字节": "0000000000000000000000000000000000000000"
                },
                {
                    "who": "日抄表明细",
                    "serial_no": 3,
                    "读数日期": "13081c",
                    "读数时间": "1500",
                    "累积工况总量": "95684124 m³/H",
                    "累积标况总量": "95648512 m³/H",
                    "标况瞬时流量": "0.0 m³/H",
                    "温度": "29.6 ℃/摄氏度",
                    "压力": "100.9 KPa",
                    "阀门状态": "00",
                    "状态字": "000000000000",
                    "工况瞬时流量": "0.0 m³/H",
                    "电池电压": "7.28",
                    "预留字节": "0000000000000000000000000000000000000000"
                },
                {
                    "who": "日抄表明细",
                    "serial_no": 4,
                    "读数日期": "13081c",
                    "读数时间": "1600",
                    "累积工况总量": "95684124 m³/H",
                    "累积标况总量": "95648512 m³/H",
                    "标况瞬时流量": "0.0 m³/H",
                    "温度": "30.1 ℃/摄氏度",
                    "压力": "100.9 KPa",
                    "阀门状态": "00",
                    "状态字": "000000000000",
                    "工况瞬时流量": "0.0 m³/H",
                    "电池电压": "7.28",
                    "预留字节": "0000000000000000000000000000000000000000"
                },
                {
                    "who": "日抄表明细",
                    "serial_no": 5,
                    "读数日期": "13081c",
                    "读数时间": "1700",
                    "累积工况总量": "95684124 m³/H",
                    "累积标况总量": "95648512 m³/H",
                    "标况瞬时流量": "0.0 m³/H",
                    "温度": "30.1 ℃/摄氏度",
                    "压力": "100.6 KPa",
                    "阀门状态": "00",
                    "状态字": "000000000000",
                    "工况瞬时流量": "0.0 m³/H",
                    "电池电压": "7.28",
                    "预留字节": "0000000000000000000000000000000000000000"
                },
                {
                    "who": "日抄表明细",
                    "serial_no": 6,
                    "读数日期": "13081d",
                    "读数时间": "0000",
                    "累积工况总量": "95684124 m³/H",
                    "累积标况总量": "95648512 m³/H",
                    "标况瞬时流量": "0.0 m³/H",
                    "温度": "31.0 ℃/摄氏度",
                    "压力": "100.6 KPa",
                    "阀门状态": "00",
                    "状态字": "000000000000",
                    "工况瞬时流量": "0.0 m³/H",
                    "电池电压": "7.28",
                    "预留字节": "0000000000000000000000000000000000000000"
                },
                {
                    "who": "日抄表明细",
                    "serial_no": 7,
                    "读数日期": "13081d",
                    "读数时间": "0100",
                    "累积工况总量": "95684124 m³/H",
                    "累积标况总量": "95648512 m³/H",
                    "标况瞬时流量": "0.0 m³/H",
                    "温度": "29.3 ℃/摄氏度",
                    "压力": "100.6 KPa",
                    "阀门状态": "00",
                    "状态字": "000000000000",
                    "工况瞬时流量": "0.0 m³/H",
                    "电池电压": "7.28",
                    "预留字节": "0000000000000000000000000000000000000000"
                },
                {
                    "who": "日抄表明细",
                    "serial_no": 8,
                    "读数日期": "13081d",
                    "读数时间": "0200",
                    "累积工况总量": "95684124 m³/H",
                    "累积标况总量": "95648512 m³/H",
                    "标况瞬时流量": "0.0 m³/H",
                    "温度": "30.6 ℃/摄氏度",
                    "压力": "100.5 KPa",
                    "阀门状态": "00",
                    "状态字": "000000000000",
                    "工况瞬时流量": "0.0 m³/H",
                    "电池电压": "7.28",
                    "预留字节": "0000000000000000000000000000000000000000"
                }
            ]
        }
    ],
    "密文数据域": [
        {
            "who": "密文数据域",
            "密钥版本": "00",
            "密文": "a9fa0ada"
        }
    ]
}
具体解析内容结束
解析成功,解析结束时间【 2019-08-29 17:00:09.483468 】
整个程序运行总时间: 0 秒
-------------------------------------------------------------------------------------------------
解析原报文的字符创度为: 80
解析开始时间【 2019-08-29 17:00:39.471168 】
解析原报文为: 680028302101010003600000005119080000000266000e0003600000005100000059a7de5eb3bb16
3021
具体解析内容开始:
不是功能码为【3041 3042 3043 3044 3045 3046】的报文,或者报文格式不正确,请检查后重新输入！
具体解析内容结束
解析成功,解析结束时间【 2019-08-29 17:00:39.472166 】
整个程序运行总时间: 0 秒
-------------------------------------------------------------------------------------------------
